build/app/intermediates/manifest_merge_blame_file/release/manifest-merger-blame-release-report.txt
1<?xml version="1.0" encoding="utf-8"?>
2<manifest xmlns:android="http://schemas.android.com/apk/res/android"
3    package="com.gary.license_scanner"
4    android:versionCode="1"
5    android:versionName="2.0.0" >
6
7    <uses-sdk
8        android:minSdkVersion="21"
8-->src\main\AndroidManifest.xml
9        android:targetSdkVersion="31" />
9-->src\main\AndroidManifest.xml
10
11    <uses-permission android:name="android.permission.INTERNET" />
11-->[:firebase_messaging] AndroidManifest.xml:7:5-67
11-->[:firebase_messaging] AndroidManifest.xml:7:22-64
12    <uses-permission android:name="android.permission.WAKE_LOCK" />
12-->[:firebase_messaging] AndroidManifest.xml:8:5-68
12-->[:firebase_messaging] AndroidManifest.xml:8:22-65
13    <uses-permission android:name="android.permission.ACCESS_NETWORK_STATE" />
13-->[:firebase_messaging] AndroidManifest.xml:9:5-79
13-->[:firebase_messaging] AndroidManifest.xml:9:22-76
14    <uses-permission android:name="android.permission.CAMERA" />
14-->[:flutter_barcode_scanner] AndroidManifest.xml:9:5-65
14-->[:flutter_barcode_scanner] AndroidManifest.xml:9:22-62
15
16    <uses-feature android:name="android.hardware.camera" />
16-->[:flutter_barcode_scanner] AndroidManifest.xml:11:5-60
16-->[:flutter_barcode_scanner] AndroidManifest.xml:11:19-57
17
18    <uses-permission android:name="android.permission.FLASHLIGHT" />
18-->[:flutter_barcode_scanner] AndroidManifest.xml:13:5-69
18-->[:flutter_barcode_scanner] AndroidManifest.xml:13:22-66
19    <uses-permission android:name="android.permission.RECORD_AUDIO" />
19-->[:camera] AndroidManifest.xml:10:5-71
19-->[:camera] AndroidManifest.xml:10:22-68
20    <uses-permission android:name="android.permission.RECEIVE_BOOT_COMPLETED" />
20-->[:flutter_local_notifications] AndroidManifest.xml:7:5-81
20-->[:flutter_local_notifications] AndroidManifest.xml:7:22-78
21    <uses-permission android:name="android.permission.VIBRATE" />
21-->[:flutter_local_notifications] AndroidManifest.xml:8:5-66
21-->[:flutter_local_notifications] AndroidManifest.xml:8:22-63
22    <uses-permission android:name="android.permission.USE_FULL_SCREEN_INTENT" />
22-->[:flutter_local_notifications] AndroidManifest.xml:9:5-81
22-->[:flutter_local_notifications] AndroidManifest.xml:9:22-78
23    <uses-permission android:name="android.permission.SCHEDULE_EXACT_ALARM" />
23-->[:flutter_local_notifications] AndroidManifest.xml:10:5-79
23-->[:flutter_local_notifications] AndroidManifest.xml:10:22-76
24
25    <uses-feature android:name="android.hardware.camera.autofocus" />
25-->[:qrscan] AndroidManifest.xml:12:5-70
25-->[:qrscan] AndroidManifest.xml:12:19-67
26
27    <uses-permission android:name="android.permission.READ_EXTERNAL_STORAGE" />
27-->[:qrscan] AndroidManifest.xml:15:5-80
27-->[:qrscan] AndroidManifest.xml:15:22-77
28    <uses-permission android:name="android.permission.WRITE_EXTERNAL_STORAGE" /> <!-- Required by older versions of Google Play services to create IID tokens -->
28-->[:qrscan] AndroidManifest.xml:16:5-81
28-->[:qrscan] AndroidManifest.xml:16:22-78
29    <uses-permission android:name="com.google.android.c2dm.permission.RECEIVE" />
29-->[com.google.firebase:firebase-messaging:23.0.0] AndroidManifest.xml:25:5-82
29-->[com.google.firebase:firebase-messaging:23.0.0] AndroidManifest.xml:25:22-79
30    <!--
31 io.flutter.app.FlutterApplication is an android.app.Application that
32         calls FlutterMain.startInitialization(this); in its onCreate method.
33         In most cases you can leave this as-is, but you if you want to provide
34         additional functionality it is fine to subclass or reimplement
35         FlutterApplication and put your custom class here.
36    -->
37    <application
38        android:name="android.app.Application"
38-->src\main\AndroidManifest.xml:9:9-42
39        android:allowBackup="true"
39-->[:qrscan] AndroidManifest.xml:20:9-35
40        android:appComponentFactory="androidx.core.app.CoreComponentFactory"
40-->[androidx.core:core:1.6.0] AndroidManifest.xml:24:18-86
41        android:configChanges="orientation|keyboardHidden"
41-->[:qrscan] AndroidManifest.xml:21:9-59
42        android:icon="@mipmap/ic_launcher"
42-->src\main\AndroidManifest.xml:11:9-43
43        android:label="Smart Camera"
43-->src\main\AndroidManifest.xml:10:9-37
44        android:largeHeap="true"
44-->[:flutter_barcode_scanner] AndroidManifest.xml:16:9-33
45        android:requestLegacyExternalStorage="true"
45-->src\main\AndroidManifest.xml:12:9-52
46        android:screenOrientation="portrait"
46-->[:qrscan] AndroidManifest.xml:23:9-45
47        android:supportsRtl="true"
47-->[:qrscan] AndroidManifest.xml:24:9-35
48        android:theme="@style/Theme.AppCompat.NoActionBar"
48-->[:flutter_barcode_scanner] AndroidManifest.xml:17:9-59
49        android:windowSoftInputMode="stateAlwaysHidden" >
49-->[:qrscan] AndroidManifest.xml:26:9-56
50        <activity
50-->src\main\AndroidManifest.xml:13:9-41:20
51            android:name="com.gary.license_scanner.MainActivity"
51-->src\main\AndroidManifest.xml:14:13-41
52            android:configChanges="orientation|keyboardHidden|keyboard|screenSize|smallestScreenSize|locale|layoutDirection|fontScale|screenLayout|density|uiMode"
52-->src\main\AndroidManifest.xml:17:13-163
53            android:hardwareAccelerated="true"
53-->src\main\AndroidManifest.xml:18:13-47
54            android:launchMode="singleTop"
54-->src\main\AndroidManifest.xml:15:13-43
55            android:theme="@style/LaunchTheme"
55-->src\main\AndroidManifest.xml:16:13-47
56            android:windowSoftInputMode="adjustResize" >
56-->src\main\AndroidManifest.xml:19:13-55
57
58            <!--
59                 Specifies an Android theme to apply to this Activity as soon as
60                 the Android process has started. This theme is visible to the user
61                 while the Flutter UI initializes. After that, this theme continues
62                 to determine the Window background behind the Flutter UI.
63            -->
64            <meta-data
64-->src\main\AndroidManifest.xml:24:13-27:17
65                android:name="io.flutter.embedding.android.NormalTheme"
65-->src\main\AndroidManifest.xml:25:15-70
66                android:resource="@style/NormalTheme" />
66-->src\main\AndroidManifest.xml:26:15-52
67            <!--
68                 Displays an Android View that continues showing the launch screen
69                 Drawable until Flutter paints its first frame, then this splash
70                 screen fades out. A splash screen is useful to avoid any visual
71                 gap between the end of Android's launch screen and the painting of
72                 Flutter's first frame.
73            -->
74            <meta-data
74-->src\main\AndroidManifest.xml:33:13-36:17
75                android:name="io.flutter.embedding.android.SplashScreenDrawable"
75-->src\main\AndroidManifest.xml:34:15-79
76                android:resource="@drawable/launch_background" />
76-->src\main\AndroidManifest.xml:35:15-61
77
78            <intent-filter>
78-->src\main\AndroidManifest.xml:37:13-40:29
79                <action android:name="android.intent.action.MAIN" />
79-->src\main\AndroidManifest.xml:38:17-68
79-->src\main\AndroidManifest.xml:38:25-66
80
81                <category android:name="android.intent.category.LAUNCHER" />
81-->src\main\AndroidManifest.xml:39:17-76
81-->src\main\AndroidManifest.xml:39:27-74
82            </intent-filter>
83        </activity>
84        <!--
85             Don't delete the meta-data below.
86             This is used by the Flutter tool to generate GeneratedPluginRegistrant.java
87        -->
88        <meta-data
88-->src\main\AndroidManifest.xml:44:9-46:33
89            android:name="flutterEmbedding"
89-->src\main\AndroidManifest.xml:45:13-44
90            android:value="2" />
90-->src\main\AndroidManifest.xml:46:13-30
91        <meta-data
91-->src\main\AndroidManifest.xml:47:9-49:39
92            android:name="com.google.firebase.ml.vision.DEPENDENCIES"
92-->src\main\AndroidManifest.xml:48:13-70
93            android:value="barcode" />
93-->src\main\AndroidManifest.xml:49:13-36
94
95        <service
95-->[:cloud_firestore] AndroidManifest.xml:8:9-12:19
96            android:name="com.google.firebase.components.ComponentDiscoveryService"
96-->[:cloud_firestore] AndroidManifest.xml:8:18-89
97            android:directBootAware="true"
97-->[com.google.firebase:firebase-common:20.0.0] AndroidManifest.xml:35:13-43
98            android:exported="false" >
98-->[com.google.firebase:firebase-ml-vision:24.0.1] AndroidManifest.xml:11:13-37
99            <meta-data
99-->[:cloud_firestore] AndroidManifest.xml:9:13-11:85
100                android:name="com.google.firebase.components:io.flutter.plugins.firebase.firestore.FlutterFirebaseFirestoreRegistrar"
100-->[:cloud_firestore] AndroidManifest.xml:10:17-134
101                android:value="com.google.firebase.components.ComponentRegistrar" />
101-->[:cloud_firestore] AndroidManifest.xml:11:17-82
102            <meta-data
102-->[:firebase_messaging] AndroidManifest.xml:34:13-36:85
103                android:name="com.google.firebase.components:io.flutter.plugins.firebase.messaging.FlutterFirebaseAppRegistrar"
103-->[:firebase_messaging] AndroidManifest.xml:35:17-128
104                android:value="com.google.firebase.components.ComponentRegistrar" />
104-->[:firebase_messaging] AndroidManifest.xml:36:17-82
105            <meta-data
105-->[:firebase_core] AndroidManifest.xml:9:13-11:85
106                android:name="com.google.firebase.components:io.flutter.plugins.firebase.core.FlutterFirebaseCoreRegistrar"
106-->[:firebase_core] AndroidManifest.xml:10:17-124
107                android:value="com.google.firebase.components.ComponentRegistrar" />
107-->[:firebase_core] AndroidManifest.xml:11:17-82
108            <meta-data
108-->[:firebase_ml_vision_raw_bytes] AndroidManifest.xml:9:13-11:85
109                android:name="com.google.firebase.components:io.flutter.plugins.firebasemlvision.FlutterFirebaseAppRegistrar"
109-->[:firebase_ml_vision_raw_bytes] AndroidManifest.xml:10:17-126
110                android:value="com.google.firebase.components.ComponentRegistrar" />
110-->[:firebase_ml_vision_raw_bytes] AndroidManifest.xml:11:17-82
111            <meta-data
111-->[com.google.firebase:firebase-ml-vision:24.0.1] AndroidManifest.xml:12:13-14:85
112                android:name="com.google.firebase.components:com.google.firebase.ml.vision.VisionRegistrar"
112-->[com.google.firebase:firebase-ml-vision:24.0.1] AndroidManifest.xml:13:17-108
113                android:value="com.google.firebase.components.ComponentRegistrar" />
113-->[com.google.firebase:firebase-ml-vision:24.0.1] AndroidManifest.xml:14:17-82
114            <meta-data
114-->[com.google.firebase:firebase-messaging:23.0.0] AndroidManifest.xml:52:13-54:85
115                android:name="com.google.firebase.components:com.google.firebase.messaging.FirebaseMessagingRegistrar"
115-->[com.google.firebase:firebase-messaging:23.0.0] AndroidManifest.xml:53:17-119
116                android:value="com.google.firebase.components.ComponentRegistrar" />
116-->[com.google.firebase:firebase-messaging:23.0.0] AndroidManifest.xml:54:17-82
117            <meta-data
117-->[com.google.firebase:firebase-datatransport:18.0.0] AndroidManifest.xml:28:13-30:85
118                android:name="com.google.firebase.components:com.google.firebase.datatransport.TransportRegistrar"
118-->[com.google.firebase:firebase-datatransport:18.0.0] AndroidManifest.xml:29:17-115
119                android:value="com.google.firebase.components.ComponentRegistrar" />
119-->[com.google.firebase:firebase-datatransport:18.0.0] AndroidManifest.xml:30:17-82
120            <meta-data
120-->[com.google.firebase:firebase-ml-common:22.0.1] AndroidManifest.xml:11:13-13:85
121                android:name="com.google.firebase.components:com.google.firebase.ml.common.CommonComponentRegistrar"
121-->[com.google.firebase:firebase-ml-common:22.0.1] AndroidManifest.xml:12:17-117
122                android:value="com.google.firebase.components.ComponentRegistrar" />
122-->[com.google.firebase:firebase-ml-common:22.0.1] AndroidManifest.xml:13:17-82
123            <meta-data
123-->[com.google.firebase:firebase-iid:21.1.0] AndroidManifest.xml:32:13-34:85
124                android:name="com.google.firebase.components:com.google.firebase.iid.Registrar"
124-->[com.google.firebase:firebase-iid:21.1.0] AndroidManifest.xml:33:17-96
125                android:value="com.google.firebase.components.ComponentRegistrar" />
125-->[com.google.firebase:firebase-iid:21.1.0] AndroidManifest.xml:34:17-82
126            <meta-data
126-->[com.google.firebase:firebase-firestore:24.0.1] AndroidManifest.xml:20:13-22:85
127                android:name="com.google.firebase.components:com.google.firebase.firestore.FirestoreRegistrar"
127-->[com.google.firebase:firebase-firestore:24.0.1] AndroidManifest.xml:21:17-111
128                android:value="com.google.firebase.components.ComponentRegistrar" />
128-->[com.google.firebase:firebase-firestore:24.0.1] AndroidManifest.xml:22:17-82
129            <meta-data
129-->[com.google.firebase:firebase-installations:17.0.0] AndroidManifest.xml:18:13-20:85
130                android:name="com.google.firebase.components:com.google.firebase.installations.FirebaseInstallationsRegistrar"
130-->[com.google.firebase:firebase-installations:17.0.0] AndroidManifest.xml:19:17-127
131                android:value="com.google.firebase.components.ComponentRegistrar" />
131-->[com.google.firebase:firebase-installations:17.0.0] AndroidManifest.xml:20:17-82
132        </service>
133        <service
133-->[:firebase_messaging] AndroidManifest.xml:12:9-15:72
134            android:name="io.flutter.plugins.firebase.messaging.FlutterFirebaseMessagingBackgroundService"
134-->[:firebase_messaging] AndroidManifest.xml:13:13-107
135            android:exported="false"
135-->[:firebase_messaging] AndroidManifest.xml:14:13-37
136            android:permission="android.permission.BIND_JOB_SERVICE" />
136-->[:firebase_messaging] AndroidManifest.xml:15:13-69
137        <service
137-->[:firebase_messaging] AndroidManifest.xml:16:9-22:19
138            android:name="io.flutter.plugins.firebase.messaging.FlutterFirebaseMessagingService"
138-->[:firebase_messaging] AndroidManifest.xml:17:13-97
139            android:exported="false" >
139-->[:firebase_messaging] AndroidManifest.xml:18:13-37
140            <intent-filter>
140-->[:firebase_messaging] AndroidManifest.xml:19:13-21:29
141                <action android:name="com.google.firebase.MESSAGING_EVENT" />
141-->[:firebase_messaging] AndroidManifest.xml:20:17-78
141-->[:firebase_messaging] AndroidManifest.xml:20:25-75
142            </intent-filter>
143        </service>
144
145        <receiver
145-->[:firebase_messaging] AndroidManifest.xml:24:9-31:20
146            android:name="io.flutter.plugins.firebase.messaging.FlutterFirebaseMessagingReceiver"
146-->[:firebase_messaging] AndroidManifest.xml:25:13-98
147            android:exported="true"
147-->[:firebase_messaging] AndroidManifest.xml:26:13-36
148            android:permission="com.google.android.c2dm.permission.SEND" >
148-->[:firebase_messaging] AndroidManifest.xml:27:13-73
149            <intent-filter>
149-->[:firebase_messaging] AndroidManifest.xml:28:13-30:29
150                <action android:name="com.google.android.c2dm.intent.RECEIVE" />
150-->[:firebase_messaging] AndroidManifest.xml:29:17-81
150-->[:firebase_messaging] AndroidManifest.xml:29:25-78
151            </intent-filter>
152        </receiver>
153
154        <provider
154-->[:firebase_messaging] AndroidManifest.xml:39:9-43:38
155            android:name="io.flutter.plugins.firebase.messaging.FlutterFirebaseMessagingInitProvider"
155-->[:firebase_messaging] AndroidManifest.xml:40:13-102
156            android:authorities="com.gary.license_scanner.flutterfirebasemessaginginitprovider"
156-->[:firebase_messaging] AndroidManifest.xml:41:13-88
157            android:exported="false"
157-->[:firebase_messaging] AndroidManifest.xml:42:13-37
158            android:initOrder="99" />
158-->[:firebase_messaging] AndroidManifest.xml:43:13-35
159        <provider
159-->[:image_picker] AndroidManifest.xml:8:9-16:20
160            android:name="io.flutter.plugins.imagepicker.ImagePickerFileProvider"
160-->[:image_picker] AndroidManifest.xml:9:13-82
161            android:authorities="com.gary.license_scanner.flutter.image_provider"
161-->[:image_picker] AndroidManifest.xml:10:13-74
162            android:exported="false"
162-->[:image_picker] AndroidManifest.xml:11:13-37
163            android:grantUriPermissions="true" >
163-->[:image_picker] AndroidManifest.xml:12:13-47
164            <meta-data
164-->[:image_picker] AndroidManifest.xml:13:13-15:75
165                android:name="android.support.FILE_PROVIDER_PATHS"
165-->[:image_picker] AndroidManifest.xml:14:17-67
166                android:resource="@xml/flutter_image_picker_file_paths" />
166-->[:image_picker] AndroidManifest.xml:15:17-72
167        </provider>
168
169        <activity android:name="com.amolg.flutterbarcodescanner.BarcodeCaptureActivity" />
169-->[:flutter_barcode_scanner] AndroidManifest.xml:18:9-91
169-->[:flutter_barcode_scanner] AndroidManifest.xml:18:19-88
170
171        <receiver
171-->[:flutter_local_notifications] AndroidManifest.xml:13:9-15:40
172            android:name="com.dexterous.flutterlocalnotifications.ScheduledNotificationReceiver"
172-->[:flutter_local_notifications] AndroidManifest.xml:14:13-97
173            android:exported="false" />
173-->[:flutter_local_notifications] AndroidManifest.xml:15:13-37
174        <receiver
174-->[:flutter_local_notifications] AndroidManifest.xml:16:9-25:20
175            android:name="com.dexterous.flutterlocalnotifications.ScheduledNotificationBootReceiver"
175-->[:flutter_local_notifications] AndroidManifest.xml:17:13-101
176            android:exported="false" >
176-->[:flutter_local_notifications] AndroidManifest.xml:18:13-37
177            <intent-filter>
177-->[:flutter_local_notifications] AndroidManifest.xml:19:13-24:29
178                <action android:name="android.intent.action.BOOT_COMPLETED" />
178-->[:flutter_local_notifications] AndroidManifest.xml:20:17-79
178-->[:flutter_local_notifications] AndroidManifest.xml:20:25-76
179                <action android:name="android.intent.action.MY_PACKAGE_REPLACED" />
179-->[:flutter_local_notifications] AndroidManifest.xml:21:17-84
179-->[:flutter_local_notifications] AndroidManifest.xml:21:25-81
180                <action android:name="android.intent.action.QUICKBOOT_POWERON" />
180-->[:flutter_local_notifications] AndroidManifest.xml:22:17-82
180-->[:flutter_local_notifications] AndroidManifest.xml:22:25-79
181                <action android:name="com.htc.intent.action.QUICKBOOT_POWERON" />
181-->[:flutter_local_notifications] AndroidManifest.xml:23:17-82
181-->[:flutter_local_notifications] AndroidManifest.xml:23:25-79
182            </intent-filter>
183        </receiver>
184
185        <activity android:name="com.shinow.qrscan.SecondActivity" />
185-->[:qrscan] AndroidManifest.xml:27:9-69
185-->[:qrscan] AndroidManifest.xml:27:19-66
186
187        <receiver
187-->[com.google.firebase:firebase-messaging:23.0.0] AndroidManifest.xml:28:9-35:20
188            android:name="com.google.firebase.iid.FirebaseInstanceIdReceiver"
188-->[com.google.firebase:firebase-messaging:23.0.0] AndroidManifest.xml:29:13-78
189            android:exported="true"
189-->[com.google.firebase:firebase-messaging:23.0.0] AndroidManifest.xml:30:13-36
190            android:permission="com.google.android.c2dm.permission.SEND" >
190-->[com.google.firebase:firebase-messaging:23.0.0] AndroidManifest.xml:31:13-73
191            <intent-filter>
191-->[:firebase_messaging] AndroidManifest.xml:28:13-30:29
192                <action android:name="com.google.android.c2dm.intent.RECEIVE" />
192-->[:firebase_messaging] AndroidManifest.xml:29:17-81
192-->[:firebase_messaging] AndroidManifest.xml:29:25-78
193            </intent-filter>
194        </receiver>
195        <!--
196             FirebaseMessagingService performs security checks at runtime,
197             but set to not exported to explicitly avoid allowing another app to call it.
198        -->
199        <service
199-->[com.google.firebase:firebase-messaging:23.0.0] AndroidManifest.xml:41:9-48:19
200            android:name="com.google.firebase.messaging.FirebaseMessagingService"
200-->[com.google.firebase:firebase-messaging:23.0.0] AndroidManifest.xml:42:13-82
201            android:directBootAware="true"
201-->[com.google.firebase:firebase-messaging:23.0.0] AndroidManifest.xml:43:13-43
202            android:exported="false" >
202-->[com.google.firebase:firebase-messaging:23.0.0] AndroidManifest.xml:44:13-37
203            <intent-filter android:priority="-500" >
203-->[:firebase_messaging] AndroidManifest.xml:19:13-21:29
204                <action android:name="com.google.firebase.MESSAGING_EVENT" />
204-->[:firebase_messaging] AndroidManifest.xml:20:17-78
204-->[:firebase_messaging] AndroidManifest.xml:20:25-75
205            </intent-filter>
206        </service>
207        <service
207-->[com.google.android.datatransport:transport-backend-cct:3.0.0] AndroidManifest.xml:29:9-35:19
208            android:name="com.google.android.datatransport.runtime.backends.TransportBackendDiscovery"
208-->[com.google.android.datatransport:transport-backend-cct:3.0.0] AndroidManifest.xml:30:13-103
209            android:exported="false" >
209-->[com.google.android.datatransport:transport-backend-cct:3.0.0] AndroidManifest.xml:31:13-37
210            <meta-data
210-->[com.google.android.datatransport:transport-backend-cct:3.0.0] AndroidManifest.xml:32:13-34:39
211                android:name="backend:com.google.android.datatransport.cct.CctBackendFactory"
211-->[com.google.android.datatransport:transport-backend-cct:3.0.0] AndroidManifest.xml:33:17-94
212                android:value="cct" />
212-->[com.google.android.datatransport:transport-backend-cct:3.0.0] AndroidManifest.xml:34:17-36
213        </service>
214
215        <provider
215-->[com.google.firebase:firebase-common:20.0.0] AndroidManifest.xml:26:9-31:39
216            android:name="com.google.firebase.provider.FirebaseInitProvider"
216-->[com.google.firebase:firebase-common:20.0.0] AndroidManifest.xml:27:13-77
217            android:authorities="com.gary.license_scanner.firebaseinitprovider"
217-->[com.google.firebase:firebase-common:20.0.0] AndroidManifest.xml:28:13-72
218            android:directBootAware="true"
218-->[com.google.firebase:firebase-common:20.0.0] AndroidManifest.xml:29:13-43
219            android:exported="false"
219-->[com.google.firebase:firebase-common:20.0.0] AndroidManifest.xml:30:13-37
220            android:initOrder="100" />
220-->[com.google.firebase:firebase-common:20.0.0] AndroidManifest.xml:31:13-36
221        <provider
221-->[com.squareup.picasso:picasso:2.71828] AndroidManifest.xml:8:9-11:40
222            android:name="com.squareup.picasso.PicassoProvider"
222-->[com.squareup.picasso:picasso:2.71828] AndroidManifest.xml:9:13-64
223            android:authorities="com.gary.license_scanner.com.squareup.picasso"
223-->[com.squareup.picasso:picasso:2.71828] AndroidManifest.xml:10:13-72
224            android:exported="false" />
224-->[com.squareup.picasso:picasso:2.71828] AndroidManifest.xml:11:13-37
225
226        <activity
226-->[com.github.leyan95:android-zxingLibrary:0.1.2-PRE] AndroidManifest.xml:14:9-19:63
227            android:name="com.uuzuche.lib_zxing.activity.CaptureActivity"
227-->[com.github.leyan95:android-zxingLibrary:0.1.2-PRE] AndroidManifest.xml:15:13-74
228            android:configChanges="orientation|keyboardHidden"
228-->[com.github.leyan95:android-zxingLibrary:0.1.2-PRE] AndroidManifest.xml:16:13-63
229            android:screenOrientation="portrait"
229-->[com.github.leyan95:android-zxingLibrary:0.1.2-PRE] AndroidManifest.xml:17:13-49
230            android:theme="@style/Theme.AppCompat.NoActionBar"
230-->[com.github.leyan95:android-zxingLibrary:0.1.2-PRE] AndroidManifest.xml:18:13-63
231            android:windowSoftInputMode="stateAlwaysHidden" />
231-->[com.github.leyan95:android-zxingLibrary:0.1.2-PRE] AndroidManifest.xml:19:13-60
232        <activity
232-->[com.google.android.gms:play-services-base:17.4.0] AndroidManifest.xml:23:9-26:75
233            android:name="com.google.android.gms.common.api.GoogleApiActivity"
233-->[com.google.android.gms:play-services-base:17.4.0] AndroidManifest.xml:24:13-79
234            android:exported="false"
234-->[com.google.android.gms:play-services-base:17.4.0] AndroidManifest.xml:25:13-37
235            android:theme="@android:style/Theme.Translucent.NoTitleBar" />
235-->[com.google.android.gms:play-services-base:17.4.0] AndroidManifest.xml:26:13-72
236
237        <meta-data
237-->[com.google.android.gms:play-services-basement:17.4.0] AndroidManifest.xml:23:9-25:69
238            android:name="com.google.android.gms.version"
238-->[com.google.android.gms:play-services-basement:17.4.0] AndroidManifest.xml:24:13-58
239            android:value="@integer/google_play_services_version" />
239-->[com.google.android.gms:play-services-basement:17.4.0] AndroidManifest.xml:25:13-66
240
241        <uses-library
241-->[androidx.window:window:1.0.0-beta04] AndroidManifest.xml:25:9-27:40
242            android:name="androidx.window.extensions"
242-->[androidx.window:window:1.0.0-beta04] AndroidManifest.xml:26:13-54
243            android:required="false" />
243-->[androidx.window:window:1.0.0-beta04] AndroidManifest.xml:27:13-37
244        <uses-library
244-->[androidx.window:window:1.0.0-beta04] AndroidManifest.xml:28:9-30:40
245            android:name="androidx.window.sidecar"
245-->[androidx.window:window:1.0.0-beta04] AndroidManifest.xml:29:13-51
246            android:required="false" />
246-->[androidx.window:window:1.0.0-beta04] AndroidManifest.xml:30:13-37
247
248        <service
248-->[com.google.android.datatransport:transport-runtime:3.0.0] AndroidManifest.xml:26:9-30:19
249            android:name="com.google.android.datatransport.runtime.scheduling.jobscheduling.JobInfoSchedulerService"
249-->[com.google.android.datatransport:transport-runtime:3.0.0] AndroidManifest.xml:27:13-117
250            android:exported="false"
250-->[com.google.android.datatransport:transport-runtime:3.0.0] AndroidManifest.xml:28:13-37
251            android:permission="android.permission.BIND_JOB_SERVICE" >
251-->[com.google.android.datatransport:transport-runtime:3.0.0] AndroidManifest.xml:29:13-69
252        </service>
253
254        <receiver
254-->[com.google.android.datatransport:transport-runtime:3.0.0] AndroidManifest.xml:32:9-34:40
255            android:name="com.google.android.datatransport.runtime.scheduling.jobscheduling.AlarmManagerSchedulerBroadcastReceiver"
255-->[com.google.android.datatransport:transport-runtime:3.0.0] AndroidManifest.xml:33:13-132
256            android:exported="false" />
256-->[com.google.android.datatransport:transport-runtime:3.0.0] AndroidManifest.xml:34:13-37
257    </application>
258
259</manifest>